[0.200s] DEBUG:colcon:Command line arguments: ['/usr/bin/colcon', 'build', '--packages-select', 'cpp_pubsub_adv']
[0.200s] DEBUG:colcon:Parsed command line arguments: Namespace(log_base=None, log_level=None, verb_name='build', build_base='build', install_base='install', merge_install=False, symlink_install=False, test_result_base=None, continue_on_error=False, executor='parallel', parallel_workers=16, event_handlers=None, ignore_user_meta=False, metas=['./colcon.meta'], base_paths=['.'], packages_ignore=None, packages_ignore_regex=None, paths=None, packages_up_to=None, packages_up_to_regex=None, packages_above=None, packages_above_and_dependencies=None, packages_above_depth=None, packages_select_by_dep=None, packages_skip_by_dep=None, packages_skip_up_to=None, packages_select_build_failed=False, packages_skip_build_finished=False, packages_select_test_failures=False, packages_skip_test_passed=False, packages_select=['cpp_pubsub_adv'], packages_skip=None, packages_select_regex=None, packages_skip_regex=None, packages_start=None, packages_end=None, cmake_args=None, cmake_target=None, cmake_target_skip_unavailable=False, cmake_clean_cache=False, cmake_clean_first=False, cmake_force_configure=False, ament_cmake_args=None, catkin_cmake_args=None, catkin_skip_building_tests=False, mixin_files=None, mixin=None, verb_parser=<colcon_mixin.mixin.mixin_argument.MixinArgumentDecorator object at 0x782f54bb7700>, verb_extension=<colcon_core.verb.build.BuildVerb object at 0x782f54bb7220>, main=<bound method BuildVerb.main of <colcon_core.verb.build.BuildVerb object at 0x782f54bb7220>>, mixin_verb=('build',))
[0.375s] Level 1:colcon.colcon_core.package_discovery:discover_packages(colcon_meta) check parameters
[0.376s] INFO:colcon.colcon_metadata.package_discovery.colcon_meta:Using configuration from '/root/.colcon/metadata/default/Gazebo.meta'
[0.377s] INFO:colcon.colcon_metadata.package_discovery.colcon_meta:Using configuration from '/root/.colcon/metadata/default/fastdds.meta'
[0.377s] INFO:colcon.colcon_metadata.package_discovery.colcon_meta:Using configuration from '/root/.colcon/metadata/default/fastrtps.meta'
[0.378s] Level 1:colcon.colcon_core.package_discovery:discover_packages(recursive) check parameters
[0.378s] Level 1:colcon.colcon_core.package_discovery:discover_packages(ignore) check parameters
[0.378s] Level 1:colcon.colcon_core.package_discovery:discover_packages(path) check parameters
[0.378s] Level 1:colcon.colcon_core.package_discovery:discover_packages(colcon_meta) discover
[0.379s] Level 1:colcon.colcon_core.package_discovery:discover_packages(recursive) discover
[0.379s] INFO:colcon.colcon_core.package_discovery:Crawling recursively for packages in '/root/ros2_ws/src'
[0.380s] Level 1:colcon.colcon_core.package_identification:_identify(.) by extensions ['ignore', 'ignore_ament_install']
[0.381s] Level 1:colcon.colcon_core.package_identification:_identify(.) by extension 'ignore'
[0.381s] Level 1:colcon.colcon_core.package_identification:_identify(.) by extension 'ignore_ament_install'
[0.382s] Level 1:colcon.colcon_core.package_identification:_identify(.) by extensions ['colcon_pkg']
[0.382s] Level 1:colcon.colcon_core.package_identification:_identify(.) by extension 'colcon_pkg'
[0.383s] Level 1:colcon.colcon_core.package_identification:_identify(.) by extensions ['colcon_meta']
[0.383s] Level 1:colcon.colcon_core.package_identification:_identify(.) by extension 'colcon_meta'
[0.383s] Level 1:colcon.colcon_core.package_identification:_identify(.) by extensions ['ros']
[0.384s] Level 1:colcon.colcon_core.package_identification:_identify(.) by extension 'ros'
[0.401s] Level 1:colcon.colcon_core.package_identification:_identify(.) by extensions ['cmake', 'python']
[0.401s] Level 1:colcon.colcon_core.package_identification:_identify(.) by extension 'cmake'
[0.401s] Level 1:colcon.colcon_core.package_identification:_identify(.) by extension 'python'
[0.402s] Level 1:colcon.colcon_core.package_identification:_identify(.) by extensions ['python_setup_py']
[0.402s] Level 1:colcon.colcon_core.package_identification:_identify(.) by extension 'python_setup_py'
[0.405s] Level 1:colcon.colcon_core.package_identification:_identify(build) by extensions ['ignore', 'ignore_ament_install']
[0.406s] Level 1:colcon.colcon_core.package_identification:_identify(build) by extension 'ignore'
[0.407s] Level 1:colcon.colcon_core.package_identification:_identify(build) ignored
[0.410s] Level 1:colcon.colcon_core.package_identification:_identify(cpp_pubsub) by extensions ['ignore', 'ignore_ament_install']
[0.410s] Level 1:colcon.colcon_core.package_identification:_identify(cpp_pubsub) by extension 'ignore'
[0.412s] Level 1:colcon.colcon_core.package_identification:_identify(cpp_pubsub) by extension 'ignore_ament_install'
[0.413s] Level 1:colcon.colcon_core.package_identification:_identify(cpp_pubsub) by extensions ['colcon_pkg']
[0.413s] Level 1:colcon.colcon_core.package_identification:_identify(cpp_pubsub) by extension 'colcon_pkg'
[0.414s] Level 1:colcon.colcon_core.package_identification:_identify(cpp_pubsub) by extensions ['colcon_meta']
[0.414s] Level 1:colcon.colcon_core.package_identification:_identify(cpp_pubsub) by extension 'colcon_meta'
[0.415s] Level 1:colcon.colcon_core.package_identification:_identify(cpp_pubsub) by extensions ['ros']
[0.416s] Level 1:colcon.colcon_core.package_identification:_identify(cpp_pubsub) by extension 'ros'
[0.428s] DEBUG:colcon.colcon_core.package_identification:Package 'cpp_pubsub' with type 'ros.ament_cmake' and name 'cpp_pubsub'
[0.431s] Level 1:colcon.colcon_core.package_identification:_identify(cpp_pubsub_adv) by extensions ['ignore', 'ignore_ament_install']
[0.431s] Level 1:colcon.colcon_core.package_identification:_identify(cpp_pubsub_adv) by extension 'ignore'
[0.432s] Level 1:colcon.colcon_core.package_identification:_identify(cpp_pubsub_adv) by extension 'ignore_ament_install'
[0.434s] Level 1:colcon.colcon_core.package_identification:_identify(cpp_pubsub_adv) by extensions ['colcon_pkg']
[0.435s] Level 1:colcon.colcon_core.package_identification:_identify(cpp_pubsub_adv) by extension 'colcon_pkg'
[0.435s] Level 1:colcon.colcon_core.package_identification:_identify(cpp_pubsub_adv) by extensions ['colcon_meta']
[0.436s] Level 1:colcon.colcon_core.package_identification:_identify(cpp_pubsub_adv) by extension 'colcon_meta'
[0.437s] Level 1:colcon.colcon_core.package_identification:_identify(cpp_pubsub_adv) by extensions ['ros']
[0.437s] Level 1:colcon.colcon_core.package_identification:_identify(cpp_pubsub_adv) by extension 'ros'
[0.447s] DEBUG:colcon.colcon_core.package_identification:Package 'cpp_pubsub_adv' with type 'ros.ament_cmake' and name 'cpp_pubsub_adv'
[0.450s] Level 1:colcon.colcon_core.package_identification:_identify(install) by extensions ['ignore', 'ignore_ament_install']
[0.451s] Level 1:colcon.colcon_core.package_identification:_identify(install) by extension 'ignore'
[0.452s] Level 1:colcon.colcon_core.package_identification:_identify(install) ignored
[0.456s] Level 1:colcon.colcon_core.package_identification:_identify(log) by extensions ['ignore', 'ignore_ament_install']
[0.457s] Level 1:colcon.colcon_core.package_identification:_identify(log) by extension 'ignore'
[0.458s] Level 1:colcon.colcon_core.package_identification:_identify(log) ignored
[0.458s] Level 1:colcon.colcon_core.package_discovery:discover_packages(recursive) using defaults
[0.458s] Level 1:colcon.colcon_core.package_discovery:discover_packages(ignore) discover
[0.459s] Level 1:colcon.colcon_core.package_discovery:discover_packages(ignore) using defaults
[0.459s] Level 1:colcon.colcon_core.package_discovery:discover_packages(path) discover
[0.460s] Level 1:colcon.colcon_core.package_discovery:discover_packages(path) using defaults
[0.490s] INFO:colcon.colcon_core.package_selection:Skipping not selected package 'cpp_pubsub' in 'cpp_pubsub'
[0.490s] Level 5:colcon.colcon_core.verb:set package 'cpp_pubsub_adv' build argument 'cmake_args' from command line to 'None'
[0.491s] Level 5:colcon.colcon_core.verb:set package 'cpp_pubsub_adv' build argument 'cmake_target' from command line to 'None'
[0.491s] Level 5:colcon.colcon_core.verb:set package 'cpp_pubsub_adv' build argument 'cmake_target_skip_unavailable' from command line to 'False'
[0.491s] Level 5:colcon.colcon_core.verb:set package 'cpp_pubsub_adv' build argument 'cmake_clean_cache' from command line to 'False'
[0.491s] Level 5:colcon.colcon_core.verb:set package 'cpp_pubsub_adv' build argument 'cmake_clean_first' from command line to 'False'
[0.491s] Level 5:colcon.colcon_core.verb:set package 'cpp_pubsub_adv' build argument 'cmake_force_configure' from command line to 'False'
[0.492s] Level 5:colcon.colcon_core.verb:set package 'cpp_pubsub_adv' build argument 'ament_cmake_args' from command line to 'None'
[0.492s] Level 5:colcon.colcon_core.verb:set package 'cpp_pubsub_adv' build argument 'catkin_cmake_args' from command line to 'None'
[0.492s] Level 5:colcon.colcon_core.verb:set package 'cpp_pubsub_adv' build argument 'catkin_skip_building_tests' from command line to 'False'
[0.492s] DEBUG:colcon.colcon_core.verb:Building package 'cpp_pubsub_adv' with the following arguments: {'ament_cmake_args': None, 'build_base': '/root/ros2_ws/src/build/cpp_pubsub_adv', 'catkin_cmake_args': None, 'catkin_skip_building_tests': False, 'cmake_args': None, 'cmake_clean_cache': False, 'cmake_clean_first': False, 'cmake_force_configure': False, 'cmake_target': None, 'cmake_target_skip_unavailable': False, 'install_base': '/root/ros2_ws/src/install/cpp_pubsub_adv', 'merge_install': False, 'path': '/root/ros2_ws/src/cpp_pubsub_adv', 'symlink_install': False, 'test_result_base': None}
[0.493s] INFO:colcon.colcon_core.executor:Executing jobs using 'parallel' executor
[0.494s] DEBUG:colcon.colcon_parallel_executor.executor.parallel:run_until_complete
[0.494s] INFO:colcon.colcon_ros.task.ament_cmake.build:Building ROS package in '/root/ros2_ws/src/cpp_pubsub_adv' with build type 'ament_cmake'
[0.495s] INFO:colcon.colcon_cmake.task.cmake.build:Building CMake package in '/root/ros2_ws/src/cpp_pubsub_adv'
[0.499s] INFO:colcon.colcon_core.plugin_system:Skipping extension 'colcon_core.shell.bat': Not used on non-Windows systems
[0.499s] INFO:colcon.colcon_core.shell:Skip shell extension 'powershell' for command environment: Not usable outside of PowerShell
[0.500s] DEBUG:colcon.colcon_core.shell:Skip shell extension 'dsv' for command environment
[0.567s] DEBUG:colcon.colcon_core.event_handler.log_command:Invoking command in '/root/ros2_ws/src/build/cpp_pubsub_adv': CMAKE_PREFIX_PATH=/opt/ros/humble /usr/bin/cmake /root/ros2_ws/src/cpp_pubsub_adv -DCMAKE_INSTALL_PREFIX=/root/ros2_ws/src/install/cpp_pubsub_adv
[3.214s] DEBUG:colcon.colcon_core.event_handler.log_command:Invoked command in '/root/ros2_ws/src/build/cpp_pubsub_adv' returned '0': CMAKE_PREFIX_PATH=/opt/ros/humble /usr/bin/cmake /root/ros2_ws/src/cpp_pubsub_adv -DCMAKE_INSTALL_PREFIX=/root/ros2_ws/src/install/cpp_pubsub_adv
[3.227s] DEBUG:colcon.colcon_core.event_handler.log_command:Invoking command in '/root/ros2_ws/src/build/cpp_pubsub_adv': CMAKE_PREFIX_PATH=/opt/ros/humble /usr/bin/cmake --build /root/ros2_ws/src/build/cpp_pubsub_adv -- -j16 -l16
[10.727s] DEBUG:colcon.colcon_core.event_handler.log_command:Invoked command in '/root/ros2_ws/src/build/cpp_pubsub_adv' returned '0': CMAKE_PREFIX_PATH=/opt/ros/humble /usr/bin/cmake --build /root/ros2_ws/src/build/cpp_pubsub_adv -- -j16 -l16
[10.767s] DEBUG:colcon.colcon_core.event_handler.log_command:Invoking command in '/root/ros2_ws/src/build/cpp_pubsub_adv': CMAKE_PREFIX_PATH=/opt/ros/humble /usr/bin/cmake --install /root/ros2_ws/src/build/cpp_pubsub_adv
[12.373s] Level 1:colcon.colcon_core.environment:create_environment_scripts_only(cpp_pubsub_adv)
[12.375s] DEBUG:colcon.colcon_core.event_handler.log_command:Invoked command in '/root/ros2_ws/src/build/cpp_pubsub_adv' returned '0': CMAKE_PREFIX_PATH=/opt/ros/humble /usr/bin/cmake --install /root/ros2_ws/src/build/cpp_pubsub_adv
[12.377s] Level 1:colcon.colcon_core.environment:checking '/root/ros2_ws/src/install/cpp_pubsub_adv' for CMake module files
[12.482s] Level 1:colcon.colcon_core.environment:checking '/root/ros2_ws/src/install/cpp_pubsub_adv' for CMake config files
[12.561s] Level 1:colcon.colcon_core.shell:create_environment_hook('cpp_pubsub_adv', 'cmake_prefix_path')
[12.562s] INFO:colcon.colcon_core.shell:Creating environment hook '/root/ros2_ws/src/install/cpp_pubsub_adv/share/cpp_pubsub_adv/hook/cmake_prefix_path.ps1'
[12.577s] INFO:colcon.colcon_core.shell:Creating environment descriptor '/root/ros2_ws/src/install/cpp_pubsub_adv/share/cpp_pubsub_adv/hook/cmake_prefix_path.dsv'
[12.595s] INFO:colcon.colcon_core.shell:Creating environment hook '/root/ros2_ws/src/install/cpp_pubsub_adv/share/cpp_pubsub_adv/hook/cmake_prefix_path.sh'
[12.616s] Level 1:colcon.colcon_core.environment:checking '/root/ros2_ws/src/install/cpp_pubsub_adv/lib'
[12.621s] Level 1:colcon.colcon_core.environment:checking '/root/ros2_ws/src/install/cpp_pubsub_adv/bin'
[12.623s] Level 1:colcon.colcon_core.environment:checking '/root/ros2_ws/src/install/cpp_pubsub_adv/lib/pkgconfig/cpp_pubsub_adv.pc'
[12.627s] Level 1:colcon.colcon_core.environment:checking '/root/ros2_ws/src/install/cpp_pubsub_adv/lib/python3.10/site-packages'
[12.630s] Level 1:colcon.colcon_core.environment:checking '/root/ros2_ws/src/install/cpp_pubsub_adv/bin'
[12.632s] INFO:colcon.colcon_core.shell:Creating package script '/root/ros2_ws/src/install/cpp_pubsub_adv/share/cpp_pubsub_adv/package.ps1'
[12.646s] INFO:colcon.colcon_core.shell:Creating package descriptor '/root/ros2_ws/src/install/cpp_pubsub_adv/share/cpp_pubsub_adv/package.dsv'
[12.660s] INFO:colcon.colcon_core.shell:Creating package script '/root/ros2_ws/src/install/cpp_pubsub_adv/share/cpp_pubsub_adv/package.sh'
[12.686s] INFO:colcon.colcon_core.shell:Creating package script '/root/ros2_ws/src/install/cpp_pubsub_adv/share/cpp_pubsub_adv/package.bash'
[12.700s] INFO:colcon.colcon_core.shell:Creating package script '/root/ros2_ws/src/install/cpp_pubsub_adv/share/cpp_pubsub_adv/package.zsh'
[12.715s] Level 1:colcon.colcon_core.environment:create_file_with_runtime_dependencies(/root/ros2_ws/src/install/cpp_pubsub_adv/share/colcon-core/packages/cpp_pubsub_adv)
[12.746s] Level 1:colcon.colcon_core.environment:create_environment_scripts_only(cpp_pubsub_adv)
[12.746s] Level 1:colcon.colcon_core.environment:checking '/root/ros2_ws/src/install/cpp_pubsub_adv' for CMake module files
[12.853s] Level 1:colcon.colcon_core.environment:checking '/root/ros2_ws/src/install/cpp_pubsub_adv' for CMake config files
[12.931s] Level 1:colcon.colcon_core.shell:create_environment_hook('cpp_pubsub_adv', 'cmake_prefix_path')
[12.931s] INFO:colcon.colcon_core.shell:Creating environment hook '/root/ros2_ws/src/install/cpp_pubsub_adv/share/cpp_pubsub_adv/hook/cmake_prefix_path.ps1'
[12.947s] INFO:colcon.colcon_core.shell:Creating environment descriptor '/root/ros2_ws/src/install/cpp_pubsub_adv/share/cpp_pubsub_adv/hook/cmake_prefix_path.dsv'
[12.963s] INFO:colcon.colcon_core.shell:Creating environment hook '/root/ros2_ws/src/install/cpp_pubsub_adv/share/cpp_pubsub_adv/hook/cmake_prefix_path.sh'
[12.984s] Level 1:colcon.colcon_core.environment:checking '/root/ros2_ws/src/install/cpp_pubsub_adv/lib'
[12.989s] Level 1:colcon.colcon_core.environment:checking '/root/ros2_ws/src/install/cpp_pubsub_adv/bin'
[12.991s] Level 1:colcon.colcon_core.environment:checking '/root/ros2_ws/src/install/cpp_pubsub_adv/lib/pkgconfig/cpp_pubsub_adv.pc'
[12.993s] Level 1:colcon.colcon_core.environment:checking '/root/ros2_ws/src/install/cpp_pubsub_adv/lib/python3.10/site-packages'
[12.995s] Level 1:colcon.colcon_core.environment:checking '/root/ros2_ws/src/install/cpp_pubsub_adv/bin'
[12.997s] INFO:colcon.colcon_core.shell:Creating package script '/root/ros2_ws/src/install/cpp_pubsub_adv/share/cpp_pubsub_adv/package.ps1'
[13.011s] INFO:colcon.colcon_core.shell:Creating package descriptor '/root/ros2_ws/src/install/cpp_pubsub_adv/share/cpp_pubsub_adv/package.dsv'
[13.025s] INFO:colcon.colcon_core.shell:Creating package script '/root/ros2_ws/src/install/cpp_pubsub_adv/share/cpp_pubsub_adv/package.sh'
[13.039s] INFO:colcon.colcon_core.shell:Creating package script '/root/ros2_ws/src/install/cpp_pubsub_adv/share/cpp_pubsub_adv/package.bash'
[13.053s] INFO:colcon.colcon_core.shell:Creating package script '/root/ros2_ws/src/install/cpp_pubsub_adv/share/cpp_pubsub_adv/package.zsh'
[13.067s] Level 1:colcon.colcon_core.environment:create_file_with_runtime_dependencies(/root/ros2_ws/src/install/cpp_pubsub_adv/share/colcon-core/packages/cpp_pubsub_adv)
[13.079s] DEBUG:colcon.colcon_parallel_executor.executor.parallel:closing loop
[13.080s] DEBUG:colcon.colcon_parallel_executor.executor.parallel:loop closed
[13.080s] DEBUG:colcon.colcon_parallel_executor.executor.parallel:run_until_complete finished with '0'
[13.080s] DEBUG:colcon.colcon_core.event_reactor:joining thread
[13.105s] INFO:colcon.colcon_core.plugin_system:Skipping extension 'colcon_notification.desktop_notification.notify_send': Could not find 'notify-send'
[13.105s] INFO:colcon.colcon_core.plugin_system:Skipping extension 'colcon_notification.desktop_notification.terminal_notifier': Not used on non-Darwin systems
[13.106s] INFO:colcon.colcon_core.plugin_system:Skipping extension 'colcon_notification.desktop_notification.win32': Not used on non-Windows systems
[13.106s] INFO:colcon.colcon_notification.desktop_notification:Sending desktop notification using 'notify2'
[13.111s] DEBUG:colcon.colcon_notification.desktop_notification.notify2:Failed to initialize notify2: org.freedesktop.DBus.Error.Spawn.ExecFailed: /usr/bin/dbus-launch terminated abnormally without any error message
[13.112s] DEBUG:colcon.colcon_core.event_reactor:joined thread
[13.113s] INFO:colcon.colcon_core.shell:Creating prefix script '/root/ros2_ws/src/install/local_setup.ps1'
[13.123s] INFO:colcon.colcon_core.shell:Creating prefix util module '/root/ros2_ws/src/install/_local_setup_util_ps1.py'
[13.132s] INFO:colcon.colcon_core.shell:Creating prefix chain script '/root/ros2_ws/src/install/setup.ps1'
[13.140s] INFO:colcon.colcon_core.shell:Creating prefix script '/root/ros2_ws/src/install/local_setup.sh'
[13.148s] INFO:colcon.colcon_core.shell:Creating prefix util module '/root/ros2_ws/src/install/_local_setup_util_sh.py'
[13.156s] INFO:colcon.colcon_core.shell:Creating prefix chain script '/root/ros2_ws/src/install/setup.sh'
[13.164s] INFO:colcon.colcon_core.shell:Creating prefix script '/root/ros2_ws/src/install/local_setup.bash'
[13.171s] INFO:colcon.colcon_core.shell:Creating prefix chain script '/root/ros2_ws/src/install/setup.bash'
[13.178s] INFO:colcon.colcon_core.shell:Creating prefix script '/root/ros2_ws/src/install/local_setup.zsh'
[13.184s] INFO:colcon.colcon_core.shell:Creating prefix chain script '/root/ros2_ws/src/install/setup.zsh'
