[0.071s] Invoking command in '/root/ros2_ws/src/build/cpp_pubsub_adv': CMAKE_PREFIX_PATH=/opt/ros/humble /usr/bin/cmake /root/ros2_ws/src/cpp_pubsub_adv -DCMAKE_INSTALL_PREFIX=/root/ros2_ws/src/install/cpp_pubsub_adv
[0.143s] -- Found ament_cmake: 1.3.11 (/opt/ros/humble/share/ament_cmake/cmake)
[0.369s] -- Found rclcpp: 16.0.12 (/opt/ros/humble/share/rclcpp/cmake)
[0.403s] -- Found rosidl_generator_c: 3.1.6 (/opt/ros/humble/share/rosidl_generator_c/cmake)
[0.406s] -- Found rosidl_adapter: 3.1.6 (/opt/ros/humble/share/rosidl_adapter/cmake)
[0.414s] -- Found rosidl_generator_cpp: 3.1.6 (/opt/ros/humble/share/rosidl_generator_cpp/cmake)
[0.427s] -- Using all available rosidl_typesupport_c: rosidl_typesupport_fastrtps_c;rosidl_typesupport_introspection_c
[0.444s] -- Using all available rosidl_typesupport_cpp: rosidl_typesupport_fastrtps_cpp;rosidl_typesupport_introspection_cpp
[0.485s] -- Found rmw_implementation_cmake: 6.1.2 (/opt/ros/humble/share/rmw_implementation_cmake/cmake)
[0.488s] -- Found rmw_fastrtps_cpp: 6.2.7 (/opt/ros/humble/share/rmw_fastrtps_cpp/cmake)
[0.866s] -- Using RMW implementation 'rmw_fastrtps_cpp' as default
[0.919s] -- Found example_interfaces: 0.9.3 (/opt/ros/humble/share/example_interfaces/cmake)
[0.968s] -- Found ament_lint_auto: 0.12.12 (/opt/ros/humble/share/ament_lint_auto/cmake)
[1.578s] -- Added test 'cppcheck' to perform static code analysis on C / C++ code
[1.579s] -- Configured cppcheck include dirs: 
[1.580s] -- Configured cppcheck exclude dirs and/or files: 
[1.664s] -- Added test 'lint_cmake' to check CMake code style
[1.927s] -- Added test 'uncrustify' to check C / C++ code style
[1.928s] -- Configured uncrustify additional arguments: 
[1.963s] -- Added test 'xmllint' to check XML markup files
[2.098s] -- Configuring done
[2.447s] -- Generating done
[2.707s] -- Build files have been written to: /root/ros2_ws/src/build/cpp_pubsub_adv
[2.718s] Invoked command in '/root/ros2_ws/src/build/cpp_pubsub_adv' returned '0': CMAKE_PREFIX_PATH=/opt/ros/humble /usr/bin/cmake /root/ros2_ws/src/cpp_pubsub_adv -DCMAKE_INSTALL_PREFIX=/root/ros2_ws/src/install/cpp_pubsub_adv
[2.731s] Invoking command in '/root/ros2_ws/src/build/cpp_pubsub_adv': CMAKE_PREFIX_PATH=/opt/ros/humble /usr/bin/cmake --build /root/ros2_ws/src/build/cpp_pubsub_adv -- -j16 -l16
[2.954s] [ 50%] [32mBuilding CXX object CMakeFiles/advpublisher.dir/src/advpublisher.cpp.o[0m
[8.817s] [100%] [32m[1mLinking CXX executable advpublisher[0m
[10.182s] [100%] Built target advpublisher
[10.230s] Invoked command in '/root/ros2_ws/src/build/cpp_pubsub_adv' returned '0': CMAKE_PREFIX_PATH=/opt/ros/humble /usr/bin/cmake --build /root/ros2_ws/src/build/cpp_pubsub_adv -- -j16 -l16
[10.270s] Invoking command in '/root/ros2_ws/src/build/cpp_pubsub_adv': CMAKE_PREFIX_PATH=/opt/ros/humble /usr/bin/cmake --install /root/ros2_ws/src/build/cpp_pubsub_adv
[10.287s] -- Install configuration: ""
[10.311s] -- Installing: /root/ros2_ws/src/install/cpp_pubsub_adv/lib/cpp_pubsub_adv/advpublisher
[10.480s] -- Set runtime path of "/root/ros2_ws/src/install/cpp_pubsub_adv/lib/cpp_pubsub_adv/advpublisher" to ""
[10.522s] -- Installing: /root/ros2_ws/src/install/cpp_pubsub_adv/share/ament_index/resource_index/package_run_dependencies/cpp_pubsub_adv
[10.649s] -- Installing: /root/ros2_ws/src/install/cpp_pubsub_adv/share/ament_index/resource_index/parent_prefix_path/cpp_pubsub_adv
[10.907s] -- Installing: /root/ros2_ws/src/install/cpp_pubsub_adv/share/cpp_pubsub_adv/environment/ament_prefix_path.sh
[10.975s] -- Installing: /root/ros2_ws/src/install/cpp_pubsub_adv/share/cpp_pubsub_adv/environment/ament_prefix_path.dsv
[11.042s] -- Installing: /root/ros2_ws/src/install/cpp_pubsub_adv/share/cpp_pubsub_adv/environment/path.sh
[11.112s] -- Installing: /root/ros2_ws/src/install/cpp_pubsub_adv/share/cpp_pubsub_adv/environment/path.dsv
[11.188s] -- Installing: /root/ros2_ws/src/install/cpp_pubsub_adv/share/cpp_pubsub_adv/local_setup.bash
[11.257s] -- Installing: /root/ros2_ws/src/install/cpp_pubsub_adv/share/cpp_pubsub_adv/local_setup.sh
[11.328s] -- Installing: /root/ros2_ws/src/install/cpp_pubsub_adv/share/cpp_pubsub_adv/local_setup.zsh
[11.396s] -- Installing: /root/ros2_ws/src/install/cpp_pubsub_adv/share/cpp_pubsub_adv/local_setup.dsv
[11.462s] -- Installing: /root/ros2_ws/src/install/cpp_pubsub_adv/share/cpp_pubsub_adv/package.dsv
[11.554s] -- Installing: /root/ros2_ws/src/install/cpp_pubsub_adv/share/ament_index/resource_index/packages/cpp_pubsub_adv
[11.659s] -- Installing: /root/ros2_ws/src/install/cpp_pubsub_adv/share/cpp_pubsub_adv/cmake/cpp_pubsub_advConfig.cmake
[11.736s] -- Installing: /root/ros2_ws/src/install/cpp_pubsub_adv/share/cpp_pubsub_adv/cmake/cpp_pubsub_advConfig-version.cmake
[11.817s] -- Installing: /root/ros2_ws/src/install/cpp_pubsub_adv/share/cpp_pubsub_adv/package.xml
[11.878s] Invoked command in '/root/ros2_ws/src/build/cpp_pubsub_adv' returned '0': CMAKE_PREFIX_PATH=/opt/ros/humble /usr/bin/cmake --install /root/ros2_ws/src/build/cpp_pubsub_adv
