[0.129s] Invoking command in '/root/ros2_ws/src/build/cpp_pubsub': CMAKE_PREFIX_PATH=${CMAKE_PREFIX_PATH}:/opt/ros/humble /usr/bin/cmake --build /root/ros2_ws/src/build/cpp_pubsub -- -j16 -l16
[0.389s] -- Found ament_cmake: 1.3.11 (/opt/ros/humble/share/ament_cmake/cmake)
[0.645s] -- Found rclcpp: 16.0.12 (/opt/ros/humble/share/rclcpp/cmake)
[0.732s] -- Found rosidl_generator_c: 3.1.6 (/opt/ros/humble/share/rosidl_generator_c/cmake)
[0.736s] -- Found rosidl_adapter: 3.1.6 (/opt/ros/humble/share/rosidl_adapter/cmake)
[0.748s] -- Found rosidl_generator_cpp: 3.1.6 (/opt/ros/humble/share/rosidl_generator_cpp/cmake)
[0.790s] -- Using all available rosidl_typesupport_c: rosidl_typesupport_fastrtps_c;rosidl_typesupport_introspection_c
[0.796s] -- Using all available rosidl_typesupport_cpp: rosidl_typesupport_fastrtps_cpp;rosidl_typesupport_introspection_cpp
[0.862s] -- Found rmw_implementation_cmake: 6.1.2 (/opt/ros/humble/share/rmw_implementation_cmake/cmake)
[0.871s] -- Found rmw_fastrtps_cpp: 6.2.7 (/opt/ros/humble/share/rmw_fastrtps_cpp/cmake)
[1.270s] -- Using RMW implementation 'rmw_fastrtps_cpp' as default
[1.349s] [31mCMake Error at CMakeLists.txt:13 (add_executable):
[1.350s]   The target name "publisher," is reserved or not valid for certain CMake
[1.350s]   features, such as generator expressions, and may result in undefined
[1.351s]   behavior.
[1.352s] 
[1.353s] [0m
[1.354s] [31mCMake Error at /opt/ros/humble/share/ament_cmake_target_dependencies/cmake/ament_target_dependencies.cmake:42 (message):
[1.355s]   ament_target_dependencies() the first argument must be a valid target name
[1.355s] Call Stack (most recent call first):
[1.356s]   CMakeLists.txt:14 (ament_target_dependencies)
[1.357s] 
[1.358s] [0m
[1.359s] -- Configuring incomplete, errors occurred!
[1.360s] See also "/root/ros2_ws/src/build/cpp_pubsub/CMakeFiles/CMakeOutput.log".
[1.387s] gmake: *** [Makefile:226: cmake_check_build_system] Error 1
[1.393s] Invoked command in '/root/ros2_ws/src/build/cpp_pubsub' returned '2': CMAKE_PREFIX_PATH=${CMAKE_PREFIX_PATH}:/opt/ros/humble /usr/bin/cmake --build /root/ros2_ws/src/build/cpp_pubsub -- -j16 -l16
