[0.103s] Invoking command in '/root/ros2_ws/src/build/cpp_pubsub': CMAKE_PREFIX_PATH=${CMAKE_PREFIX_PATH}:/opt/ros/humble /usr/bin/cmake --build /root/ros2_ws/src/build/cpp_pubsub -- -j16 -l16
[0.240s] -- Found ament_cmake: 1.3.11 (/opt/ros/humble/share/ament_cmake/cmake)
[0.443s] -- Found rclcpp: 16.0.12 (/opt/ros/humble/share/rclcpp/cmake)
[0.484s] -- Found rosidl_generator_c: 3.1.6 (/opt/ros/humble/share/rosidl_generator_c/cmake)
[0.486s] -- Found rosidl_adapter: 3.1.6 (/opt/ros/humble/share/rosidl_adapter/cmake)
[0.493s] -- Found rosidl_generator_cpp: 3.1.6 (/opt/ros/humble/share/rosidl_generator_cpp/cmake)
[0.510s] -- Using all available rosidl_typesupport_c: rosidl_typesupport_fastrtps_c;rosidl_typesupport_introspection_c
[0.529s] -- Using all available rosidl_typesupport_cpp: rosidl_typesupport_fastrtps_cpp;rosidl_typesupport_introspection_cpp
[0.575s] -- Found rmw_implementation_cmake: 6.1.2 (/opt/ros/humble/share/rmw_implementation_cmake/cmake)
[0.581s] -- Found rmw_fastrtps_cpp: 6.2.7 (/opt/ros/humble/share/rmw_fastrtps_cpp/cmake)
[0.941s] -- Using RMW implementation 'rmw_fastrtps_cpp' as default
[0.994s] -- Found ament_lint_auto: 0.12.12 (/opt/ros/humble/share/ament_lint_auto/cmake)
[1.526s] -- Added test 'cppcheck' to perform static code analysis on C / C++ code
[1.527s] -- Configured cppcheck include dirs: 
[1.528s] -- Configured cppcheck exclude dirs and/or files: 
[1.623s] -- Added test 'lint_cmake' to check CMake code style
[1.884s] -- Added test 'uncrustify' to check C / C++ code style
[1.885s] -- Configured uncrustify additional arguments: 
[1.915s] -- Added test 'xmllint' to check XML markup files
[1.992s] -- Configuring done
[2.086s] [31mCMake Error at CMakeLists.txt:17 (add_executable):
[2.087s]   Cannot find source file:
[2.088s] 
[2.089s]     src/listener.cpp
[2.090s] 
[2.090s]   Tried extensions .c .C .c++ .cc .cpp .cxx .cu .mpp .m .M .mm .ixx .cppm .h
[2.091s]   .hh .h++ .hm .hpp .hxx .in .txx .f .F .for .f77 .f90 .f95 .f03 .hip .ispc
[2.092s] 
[2.093s] [0m
[2.093s] [31mCMake Error at CMakeLists.txt:17 (add_executable):
[2.094s]   No SOURCES given to target: listener
[2.095s] 
[2.096s] [0m
[2.097s] [0mCMake Generate step failed.  Build files cannot be regenerated correctly.[0m
[2.097s] gmake: *** [Makefile:226: cmake_check_build_system] Error 1
[2.099s] Invoked command in '/root/ros2_ws/src/build/cpp_pubsub' returned '2': CMAKE_PREFIX_PATH=${CMAKE_PREFIX_PATH}:/opt/ros/humble /usr/bin/cmake --build /root/ros2_ws/src/build/cpp_pubsub -- -j16 -l16
