[0.110s] Invoking command in '/root/ros2_ws/src/build/cpp_pubsub': CMAKE_PREFIX_PATH=${CMAKE_PREFIX_PATH}:/opt/ros/humble /usr/bin/cmake --build /root/ros2_ws/src/build/cpp_pubsub -- -j16 -l16
[0.255s] -- Found ament_cmake: 1.3.11 (/opt/ros/humble/share/ament_cmake/cmake)
[0.443s] -- Found rclcpp: 16.0.12 (/opt/ros/humble/share/rclcpp/cmake)
[0.484s] -- Found rosidl_generator_c: 3.1.6 (/opt/ros/humble/share/rosidl_generator_c/cmake)
[0.487s] -- Found rosidl_adapter: 3.1.6 (/opt/ros/humble/share/rosidl_adapter/cmake)
[0.493s] -- Found rosidl_generator_cpp: 3.1.6 (/opt/ros/humble/share/rosidl_generator_cpp/cmake)
[0.510s] -- Using all available rosidl_typesupport_c: rosidl_typesupport_fastrtps_c;rosidl_typesupport_introspection_c
[0.530s] -- Using all available rosidl_typesupport_cpp: rosidl_typesupport_fastrtps_cpp;rosidl_typesupport_introspection_cpp
[0.576s] -- Found rmw_implementation_cmake: 6.1.2 (/opt/ros/humble/share/rmw_implementation_cmake/cmake)
[0.582s] -- Found rmw_fastrtps_cpp: 6.2.7 (/opt/ros/humble/share/rmw_fastrtps_cpp/cmake)
[0.949s] -- Using RMW implementation 'rmw_fastrtps_cpp' as default
[1.001s] [31mCMake Error at CMakeLists.txt:13 (add_executable):
[1.001s]   The target name "publicador," is reserved or not valid for certain CMake
[1.002s]   features, such as generator expressions, and may result in undefined
[1.003s]   behavior.
[1.004s] 
[1.005s] [0m
[1.006s] [31mCMake Error at /opt/ros/humble/share/ament_cmake_target_dependencies/cmake/ament_target_dependencies.cmake:42 (message):
[1.006s]   ament_target_dependencies() the first argument must be a valid target name
[1.007s] Call Stack (most recent call first):
[1.008s]   CMakeLists.txt:14 (ament_target_dependencies)
[1.009s] 
[1.009s] [0m
[1.010s] -- Configuring incomplete, errors occurred!
[1.011s] See also "/root/ros2_ws/src/build/cpp_pubsub/CMakeFiles/CMakeOutput.log".
[1.036s] gmake: *** [Makefile:226: cmake_check_build_system] Error 1
[1.040s] Invoked command in '/root/ros2_ws/src/build/cpp_pubsub' returned '2': CMAKE_PREFIX_PATH=${CMAKE_PREFIX_PATH}:/opt/ros/humble /usr/bin/cmake --build /root/ros2_ws/src/build/cpp_pubsub -- -j16 -l16
