[0.107s] Invoking command in '/root/ros2_ws/src/build/cpp_pubsub': CMAKE_PREFIX_PATH=${CMAKE_PREFIX_PATH}:/opt/ros/humble /usr/bin/cmake --build /root/ros2_ws/src/build/cpp_pubsub -- -j16 -l16
[0.251s] -- Found ament_cmake: 1.3.11 (/opt/ros/humble/share/ament_cmake/cmake)
[0.464s] -- Found rclcpp: 16.0.12 (/opt/ros/humble/share/rclcpp/cmake)
[0.506s] -- Found rosidl_generator_c: 3.1.6 (/opt/ros/humble/share/rosidl_generator_c/cmake)
[0.508s] -- Found rosidl_adapter: 3.1.6 (/opt/ros/humble/share/rosidl_adapter/cmake)
[0.516s] -- Found rosidl_generator_cpp: 3.1.6 (/opt/ros/humble/share/rosidl_generator_cpp/cmake)
[0.532s] -- Using all available rosidl_typesupport_c: rosidl_typesupport_fastrtps_c;rosidl_typesupport_introspection_c
[0.551s] -- Using all available rosidl_typesupport_cpp: rosidl_typesupport_fastrtps_cpp;rosidl_typesupport_introspection_cpp
[0.595s] -- Found rmw_implementation_cmake: 6.1.2 (/opt/ros/humble/share/rmw_implementation_cmake/cmake)
[0.601s] -- Found rmw_fastrtps_cpp: 6.2.7 (/opt/ros/humble/share/rmw_fastrtps_cpp/cmake)
[0.955s] -- Using RMW implementation 'rmw_fastrtps_cpp' as default
[1.008s] [31mCMake Error at CMakeLists.txt:13 (add_executable):
[1.009s]   The target name "talker," is reserved or not valid for certain CMake
[1.010s]   features, such as generator expressions, and may result in undefined
[1.010s]   behavior.
[1.011s] 
[1.013s] [0m
[1.014s] [31mCMake Error at /opt/ros/humble/share/ament_cmake_target_dependencies/cmake/ament_target_dependencies.cmake:42 (message):
[1.015s]   ament_target_dependencies() the first argument must be a valid target name
[1.015s] Call Stack (most recent call first):
[1.016s]   CMakeLists.txt:14 (ament_target_dependencies)
[1.017s] 
[1.018s] [0m
[1.019s] -- Configuring incomplete, errors occurred!
[1.020s] See also "/root/ros2_ws/src/build/cpp_pubsub/CMakeFiles/CMakeOutput.log".
[1.044s] gmake: *** [Makefile:226: cmake_check_build_system] Error 1
[1.048s] Invoked command in '/root/ros2_ws/src/build/cpp_pubsub' returned '2': CMAKE_PREFIX_PATH=${CMAKE_PREFIX_PATH}:/opt/ros/humble /usr/bin/cmake --build /root/ros2_ws/src/build/cpp_pubsub -- -j16 -l16
