[0.450s] DEBUG:colcon:Command line arguments: ['/usr/bin/colcon', 'build']
[0.450s] DEBUG:colcon:Parsed command line arguments: Namespace(log_base=None, log_level=None, verb_name='build', build_base='build', install_base='install', merge_install=False, symlink_install=False, test_result_base=None, continue_on_error=False, executor='parallel', parallel_workers=16, event_handlers=None, ignore_user_meta=False, metas=['./colcon.meta'], base_paths=['.'], packages_ignore=None, packages_ignore_regex=None, paths=None, packages_up_to=None, packages_up_to_regex=None, packages_above=None, packages_above_and_dependencies=None, packages_above_depth=None, packages_select_by_dep=None, packages_skip_by_dep=None, packages_skip_up_to=None, packages_select_build_failed=False, packages_skip_build_finished=False, packages_select_test_failures=False, packages_skip_test_passed=False, packages_select=None, packages_skip=None, packages_select_regex=None, packages_skip_regex=None, packages_start=None, packages_end=None, cmake_args=None, cmake_target=None, cmake_target_skip_unavailable=False, cmake_clean_cache=False, cmake_clean_first=False, cmake_force_configure=False, ament_cmake_args=None, catkin_cmake_args=None, catkin_skip_building_tests=False, mixin_files=None, mixin=None, verb_parser=<colcon_mixin.mixin.mixin_argument.MixinArgumentDecorator object at 0x78f45ec1b6a0>, verb_extension=<colcon_core.verb.build.BuildVerb object at 0x78f45ec1b1c0>, main=<bound method BuildVerb.main of <colcon_core.verb.build.BuildVerb object at 0x78f45ec1b1c0>>, mixin_verb=('build',))
[0.934s] Level 1:colcon.colcon_core.package_discovery:discover_packages(colcon_meta) check parameters
[0.935s] INFO:colcon.colcon_metadata.package_discovery.colcon_meta:Using configuration from '/root/.colcon/metadata/default/Gazebo.meta'
[0.936s] INFO:colcon.colcon_metadata.package_discovery.colcon_meta:Using configuration from '/root/.colcon/metadata/default/fastdds.meta'
[0.939s] INFO:colcon.colcon_metadata.package_discovery.colcon_meta:Using configuration from '/root/.colcon/metadata/default/fastrtps.meta'
[0.939s] Level 1:colcon.colcon_core.package_discovery:discover_packages(recursive) check parameters
[0.939s] Level 1:colcon.colcon_core.package_discovery:discover_packages(ignore) check parameters
[0.940s] Level 1:colcon.colcon_core.package_discovery:discover_packages(path) check parameters
[0.940s] Level 1:colcon.colcon_core.package_discovery:discover_packages(colcon_meta) discover
[0.940s] Level 1:colcon.colcon_core.package_discovery:discover_packages(recursive) discover
[0.940s] INFO:colcon.colcon_core.package_discovery:Crawling recursively for packages in '/root/ros2_ws/src'
[0.942s] Level 1:colcon.colcon_core.package_identification:_identify(.) by extensions ['ignore', 'ignore_ament_install']
[0.942s] Level 1:colcon.colcon_core.package_identification:_identify(.) by extension 'ignore'
[0.943s] Level 1:colcon.colcon_core.package_identification:_identify(.) by extension 'ignore_ament_install'
[0.943s] Level 1:colcon.colcon_core.package_identification:_identify(.) by extensions ['colcon_pkg']
[0.944s] Level 1:colcon.colcon_core.package_identification:_identify(.) by extension 'colcon_pkg'
[0.944s] Level 1:colcon.colcon_core.package_identification:_identify(.) by extensions ['colcon_meta']
[0.944s] Level 1:colcon.colcon_core.package_identification:_identify(.) by extension 'colcon_meta'
[0.944s] Level 1:colcon.colcon_core.package_identification:_identify(.) by extensions ['ros']
[0.945s] Level 1:colcon.colcon_core.package_identification:_identify(.) by extension 'ros'
[0.968s] Level 1:colcon.colcon_core.package_identification:_identify(.) by extensions ['cmake', 'python']
[0.969s] Level 1:colcon.colcon_core.package_identification:_identify(.) by extension 'cmake'
[0.969s] Level 1:colcon.colcon_core.package_identification:_identify(.) by extension 'python'
[0.970s] Level 1:colcon.colcon_core.package_identification:_identify(.) by extensions ['python_setup_py']
[0.970s] Level 1:colcon.colcon_core.package_identification:_identify(.) by extension 'python_setup_py'
[0.973s] Level 1:colcon.colcon_core.package_identification:_identify(build) by extensions ['ignore', 'ignore_ament_install']
[0.973s] Level 1:colcon.colcon_core.package_identification:_identify(build) by extension 'ignore'
[0.974s] Level 1:colcon.colcon_core.package_identification:_identify(build) ignored
[0.977s] Level 1:colcon.colcon_core.package_identification:_identify(cpp_pubsub) by extensions ['ignore', 'ignore_ament_install']
[0.977s] Level 1:colcon.colcon_core.package_identification:_identify(cpp_pubsub) by extension 'ignore'
[0.978s] Level 1:colcon.colcon_core.package_identification:_identify(cpp_pubsub) by extension 'ignore_ament_install'
[0.980s] Level 1:colcon.colcon_core.package_identification:_identify(cpp_pubsub) by extensions ['colcon_pkg']
[0.980s] Level 1:colcon.colcon_core.package_identification:_identify(cpp_pubsub) by extension 'colcon_pkg'
[0.981s] Level 1:colcon.colcon_core.package_identification:_identify(cpp_pubsub) by extensions ['colcon_meta']
[0.981s] Level 1:colcon.colcon_core.package_identification:_identify(cpp_pubsub) by extension 'colcon_meta'
[0.982s] Level 1:colcon.colcon_core.package_identification:_identify(cpp_pubsub) by extensions ['ros']
[0.982s] Level 1:colcon.colcon_core.package_identification:_identify(cpp_pubsub) by extension 'ros'
[0.995s] DEBUG:colcon.colcon_core.package_identification:Package 'cpp_pubsub' with type 'ros.ament_cmake' and name 'cpp_pubsub'
[0.998s] Level 1:colcon.colcon_core.package_identification:_identify(install) by extensions ['ignore', 'ignore_ament_install']
[0.998s] Level 1:colcon.colcon_core.package_identification:_identify(install) by extension 'ignore'
[1.000s] Level 1:colcon.colcon_core.package_identification:_identify(install) ignored
[1.004s] Level 1:colcon.colcon_core.package_identification:_identify(log) by extensions ['ignore', 'ignore_ament_install']
[1.004s] Level 1:colcon.colcon_core.package_identification:_identify(log) by extension 'ignore'
[1.005s] Level 1:colcon.colcon_core.package_identification:_identify(log) ignored
[1.006s] Level 1:colcon.colcon_core.package_discovery:discover_packages(recursive) using defaults
[1.006s] Level 1:colcon.colcon_core.package_discovery:discover_packages(ignore) discover
[1.006s] Level 1:colcon.colcon_core.package_discovery:discover_packages(ignore) using defaults
[1.006s] Level 1:colcon.colcon_core.package_discovery:discover_packages(path) discover
[1.007s] Level 1:colcon.colcon_core.package_discovery:discover_packages(path) using defaults
[1.066s] Level 5:colcon.colcon_core.verb:set package 'cpp_pubsub' build argument 'cmake_args' from command line to 'None'
[1.067s] Level 5:colcon.colcon_core.verb:set package 'cpp_pubsub' build argument 'cmake_target' from command line to 'None'
[1.067s] Level 5:colcon.colcon_core.verb:set package 'cpp_pubsub' build argument 'cmake_target_skip_unavailable' from command line to 'False'
[1.067s] Level 5:colcon.colcon_core.verb:set package 'cpp_pubsub' build argument 'cmake_clean_cache' from command line to 'False'
[1.067s] Level 5:colcon.colcon_core.verb:set package 'cpp_pubsub' build argument 'cmake_clean_first' from command line to 'False'
[1.067s] Level 5:colcon.colcon_core.verb:set package 'cpp_pubsub' build argument 'cmake_force_configure' from command line to 'False'
[1.068s] Level 5:colcon.colcon_core.verb:set package 'cpp_pubsub' build argument 'ament_cmake_args' from command line to 'None'
[1.068s] Level 5:colcon.colcon_core.verb:set package 'cpp_pubsub' build argument 'catkin_cmake_args' from command line to 'None'
[1.068s] Level 5:colcon.colcon_core.verb:set package 'cpp_pubsub' build argument 'catkin_skip_building_tests' from command line to 'False'
[1.068s] DEBUG:colcon.colcon_core.verb:Building package 'cpp_pubsub' with the following arguments: {'ament_cmake_args': None, 'build_base': '/root/ros2_ws/src/build/cpp_pubsub', 'catkin_cmake_args': None, 'catkin_skip_building_tests': False, 'cmake_args': None, 'cmake_clean_cache': False, 'cmake_clean_first': False, 'cmake_force_configure': False, 'cmake_target': None, 'cmake_target_skip_unavailable': False, 'install_base': '/root/ros2_ws/src/install/cpp_pubsub', 'merge_install': False, 'path': '/root/ros2_ws/src/cpp_pubsub', 'symlink_install': False, 'test_result_base': None}
[1.069s] INFO:colcon.colcon_core.executor:Executing jobs using 'parallel' executor
[1.070s] DEBUG:colcon.colcon_parallel_executor.executor.parallel:run_until_complete
[1.070s] INFO:colcon.colcon_ros.task.ament_cmake.build:Building ROS package in '/root/ros2_ws/src/cpp_pubsub' with build type 'ament_cmake'
[1.071s] INFO:colcon.colcon_cmake.task.cmake.build:Building CMake package in '/root/ros2_ws/src/cpp_pubsub'
[1.085s] INFO:colcon.colcon_core.plugin_system:Skipping extension 'colcon_core.shell.bat': Not used on non-Windows systems
[1.086s] INFO:colcon.colcon_core.shell:Skip shell extension 'powershell' for command environment: Not usable outside of PowerShell
[1.086s] DEBUG:colcon.colcon_core.shell:Skip shell extension 'dsv' for command environment
[1.202s] DEBUG:colcon.colcon_core.event_handler.log_command:Invoking command in '/root/ros2_ws/src/build/cpp_pubsub': CMAKE_PREFIX_PATH=${CMAKE_PREFIX_PATH}:/opt/ros/humble /usr/bin/cmake --build /root/ros2_ws/src/build/cpp_pubsub -- -j16 -l16
[2.466s] DEBUG:colcon.colcon_core.event_handler.log_command:Invoked command in '/root/ros2_ws/src/build/cpp_pubsub' returned '2': CMAKE_PREFIX_PATH=${CMAKE_PREFIX_PATH}:/opt/ros/humble /usr/bin/cmake --build /root/ros2_ws/src/build/cpp_pubsub -- -j16 -l16
[2.485s] Level 1:colcon.colcon_core.environment:create_environment_scripts_only(cpp_pubsub)
[2.491s] Level 1:colcon.colcon_core.environment:checking '/root/ros2_ws/src/install/cpp_pubsub' for CMake module files
[2.574s] Level 1:colcon.colcon_core.environment:checking '/root/ros2_ws/src/install/cpp_pubsub' for CMake config files
[2.635s] Level 1:colcon.colcon_core.shell:create_environment_hook('cpp_pubsub', 'cmake_prefix_path')
[2.636s] INFO:colcon.colcon_core.shell:Creating environment hook '/root/ros2_ws/src/install/cpp_pubsub/share/cpp_pubsub/hook/cmake_prefix_path.ps1'
[2.650s] INFO:colcon.colcon_core.shell:Creating environment descriptor '/root/ros2_ws/src/install/cpp_pubsub/share/cpp_pubsub/hook/cmake_prefix_path.dsv'
[2.667s] INFO:colcon.colcon_core.shell:Creating environment hook '/root/ros2_ws/src/install/cpp_pubsub/share/cpp_pubsub/hook/cmake_prefix_path.sh'
[2.687s] Level 1:colcon.colcon_core.environment:checking '/root/ros2_ws/src/install/cpp_pubsub/bin'
[2.688s] Level 1:colcon.colcon_core.environment:checking '/root/ros2_ws/src/install/cpp_pubsub/lib/pkgconfig/cpp_pubsub.pc'
[2.692s] Level 1:colcon.colcon_core.environment:checking '/root/ros2_ws/src/install/cpp_pubsub/lib/python3.10/site-packages'
[2.694s] Level 1:colcon.colcon_core.environment:checking '/root/ros2_ws/src/install/cpp_pubsub/bin'
[2.696s] INFO:colcon.colcon_core.shell:Creating package script '/root/ros2_ws/src/install/cpp_pubsub/share/cpp_pubsub/package.ps1'
[2.710s] INFO:colcon.colcon_core.shell:Creating package descriptor '/root/ros2_ws/src/install/cpp_pubsub/share/cpp_pubsub/package.dsv'
[2.723s] INFO:colcon.colcon_core.shell:Creating package script '/root/ros2_ws/src/install/cpp_pubsub/share/cpp_pubsub/package.sh'
[2.737s] INFO:colcon.colcon_core.shell:Creating package script '/root/ros2_ws/src/install/cpp_pubsub/share/cpp_pubsub/package.bash'
[2.751s] INFO:colcon.colcon_core.shell:Creating package script '/root/ros2_ws/src/install/cpp_pubsub/share/cpp_pubsub/package.zsh'
[2.765s] Level 1:colcon.colcon_core.environment:create_file_with_runtime_dependencies(/root/ros2_ws/src/install/cpp_pubsub/share/colcon-core/packages/cpp_pubsub)
[2.785s] DEBUG:colcon.colcon_parallel_executor.executor.parallel:closing loop
[2.785s] DEBUG:colcon.colcon_parallel_executor.executor.parallel:loop closed
[2.786s] DEBUG:colcon.colcon_parallel_executor.executor.parallel:run_until_complete finished with '2'
[2.786s] DEBUG:colcon.colcon_core.event_reactor:joining thread
[2.817s] INFO:colcon.colcon_core.plugin_system:Skipping extension 'colcon_notification.desktop_notification.notify_send': Could not find 'notify-send'
[2.817s] INFO:colcon.colcon_core.plugin_system:Skipping extension 'colcon_notification.desktop_notification.terminal_notifier': Not used on non-Darwin systems
[2.818s] INFO:colcon.colcon_core.plugin_system:Skipping extension 'colcon_notification.desktop_notification.win32': Not used on non-Windows systems
[2.818s] INFO:colcon.colcon_notification.desktop_notification:Sending desktop notification using 'notify2'
[2.822s] DEBUG:colcon.colcon_notification.desktop_notification.notify2:Failed to initialize notify2: org.freedesktop.DBus.Error.Spawn.ExecFailed: /usr/bin/dbus-launch terminated abnormally without any error message
[2.822s] DEBUG:colcon.colcon_core.event_reactor:joined thread
[2.823s] INFO:colcon.colcon_core.shell:Creating prefix script '/root/ros2_ws/src/install/local_setup.ps1'
[2.830s] INFO:colcon.colcon_core.shell:Creating prefix util module '/root/ros2_ws/src/install/_local_setup_util_ps1.py'
[2.837s] INFO:colcon.colcon_core.shell:Creating prefix chain script '/root/ros2_ws/src/install/setup.ps1'
[2.854s] INFO:colcon.colcon_core.shell:Creating prefix script '/root/ros2_ws/src/install/local_setup.sh'
[2.860s] INFO:colcon.colcon_core.shell:Creating prefix util module '/root/ros2_ws/src/install/_local_setup_util_sh.py'
[2.866s] INFO:colcon.colcon_core.shell:Creating prefix chain script '/root/ros2_ws/src/install/setup.sh'
[2.883s] INFO:colcon.colcon_core.shell:Creating prefix script '/root/ros2_ws/src/install/local_setup.bash'
[2.888s] INFO:colcon.colcon_core.shell:Creating prefix chain script '/root/ros2_ws/src/install/setup.bash'
[2.904s] INFO:colcon.colcon_core.shell:Creating prefix script '/root/ros2_ws/src/install/local_setup.zsh'
[2.910s] INFO:colcon.colcon_core.shell:Creating prefix chain script '/root/ros2_ws/src/install/setup.zsh'
