[0.180s] Invoking command in '/root/ros2_ws/src/build/cpp_pubsub_adv': CMAKE_PREFIX_PATH=/opt/ros/humble /usr/bin/cmake /root/ros2_ws/src/cpp_pubsub_adv -DCMAKE_INSTALL_PREFIX=/root/ros2_ws/src/install/cpp_pubsub_adv
[0.545s] -- The C compiler identification is GNU 11.4.0
[0.891s] -- The CXX compiler identification is GNU 11.4.0
[0.958s] -- Detecting C compiler ABI info
[1.573s] -- Detecting C compiler ABI info - done
[1.605s] -- Check for working C compiler: /usr/bin/cc - skipped
[1.606s] -- Detecting C compile features
[1.607s] -- Detecting C compile features - done
[1.670s] -- Detecting CXX compiler ABI info
[2.280s] -- Detecting CXX compiler ABI info - done
[2.312s] -- Check for working CXX compiler: /usr/bin/c++ - skipped
[2.314s] -- Detecting CXX compile features
[2.315s] -- Detecting CXX compile features - done
[2.403s] -- Found ament_cmake: 1.3.11 (/opt/ros/humble/share/ament_cmake/cmake)
[2.602s] -- Found Python3: /usr/bin/python3 (found version "3.10.12") found components: Interpreter 
[2.837s] -- Found rclcpp: 16.0.12 (/opt/ros/humble/share/rclcpp/cmake)
[2.945s] -- Found rosidl_generator_c: 3.1.6 (/opt/ros/humble/share/rosidl_generator_c/cmake)
[2.957s] -- Found rosidl_adapter: 3.1.6 (/opt/ros/humble/share/rosidl_adapter/cmake)
[2.975s] -- Found rosidl_generator_cpp: 3.1.6 (/opt/ros/humble/share/rosidl_generator_cpp/cmake)
[3.005s] -- Using all available rosidl_typesupport_c: rosidl_typesupport_fastrtps_c;rosidl_typesupport_introspection_c
[3.039s] -- Using all available rosidl_typesupport_cpp: rosidl_typesupport_fastrtps_cpp;rosidl_typesupport_introspection_cpp
[3.132s] -- Found rmw_implementation_cmake: 6.1.2 (/opt/ros/humble/share/rmw_implementation_cmake/cmake)
[3.141s] -- Found rmw_fastrtps_cpp: 6.2.7 (/opt/ros/humble/share/rmw_fastrtps_cpp/cmake)
[3.346s] -- Found OpenSSL: /usr/lib/x86_64-linux-gnu/libcrypto.so (found version "3.0.2")  
[3.407s] -- Found FastRTPS: /opt/ros/humble/include  
[3.482s] -- Using RMW implementation 'rmw_fastrtps_cpp' as default
[3.544s] -- Looking for pthread.h
[4.171s] -- Looking for pthread.h - found
[4.185s] -- Performing Test CMAKE_HAVE_LIBC_PTHREAD
[4.795s] -- Performing Test CMAKE_HAVE_LIBC_PTHREAD - Success
[4.801s] -- Found Threads: TRUE  
[4.913s] -- Found example_interfaces: 0.9.3 (/opt/ros/humble/share/example_interfaces/cmake)
[4.991s] [31mCMake Error at /opt/ros/humble/share/ament_cmake_target_dependencies/cmake/ament_target_dependencies.cmake:42 (message):
[4.992s]   ament_target_dependencies() the first argument must be a valid target name
[4.993s] Call Stack (most recent call first):
[4.994s]   CMakeLists.txt:15 (ament_target_dependencies)
[4.995s] 
[4.996s] [0m
[4.997s] -- Configuring incomplete, errors occurred!
[4.998s] See also "/root/ros2_ws/src/build/cpp_pubsub_adv/CMakeFiles/CMakeOutput.log".
[5.021s] Invoked command in '/root/ros2_ws/src/build/cpp_pubsub_adv' returned '1': CMAKE_PREFIX_PATH=/opt/ros/humble /usr/bin/cmake /root/ros2_ws/src/cpp_pubsub_adv -DCMAKE_INSTALL_PREFIX=/root/ros2_ws/src/install/cpp_pubsub_adv
