[35m[1mConsolidate compiler generated dependencies of target publicador[0m
[ 50%] Built target subscriber
[ 75%] [32mBuilding CXX object CMakeFiles/publicador.dir/src/publicador.cpp.o[0m
[100%] [32m[1mLinking CXX executable publicador[0m
[100%] Built target publicador
-- Install configuration: ""
-- Installing: /root/ros2_ws/src/install/cpp_pubsub/lib/cpp_pubsub/publicador
-- Set runtime path of "/root/ros2_ws/src/install/cpp_pubsub/lib/cpp_pubsub/publicador" to ""
-- Installing: /root/ros2_ws/src/install/cpp_pubsub/lib/cpp_pubsub/subscriber
-- Set runtime path of "/root/ros2_ws/src/install/cpp_pubsub/lib/cpp_pubsub/subscriber" to ""
-- Up-to-date: /root/ros2_ws/src/install/cpp_pubsub/share/ament_index/resource_index/package_run_dependencies/cpp_pubsub
-- Installing: /root/ros2_ws/src/install/cpp_pubsub/share/ament_index/resource_index/parent_prefix_path/cpp_pubsub
-- Up-to-date: /root/ros2_ws/src/install/cpp_pubsub/share/cpp_pubsub/environment/ament_prefix_path.sh
-- Installing: /root/ros2_ws/src/install/cpp_pubsub/share/cpp_pubsub/environment/ament_prefix_path.dsv
-- Up-to-date: /root/ros2_ws/src/install/cpp_pubsub/share/cpp_pubsub/environment/path.sh
-- Installing: /root/ros2_ws/src/install/cpp_pubsub/share/cpp_pubsub/environment/path.dsv
-- Up-to-date: /root/ros2_ws/src/install/cpp_pubsub/share/cpp_pubsub/local_setup.bash
-- Up-to-date: /root/ros2_ws/src/install/cpp_pubsub/share/cpp_pubsub/local_setup.sh
-- Up-to-date: /root/ros2_ws/src/install/cpp_pubsub/share/cpp_pubsub/local_setup.zsh
-- Installing: /root/ros2_ws/src/install/cpp_pubsub/share/cpp_pubsub/local_setup.dsv
-- Installing: /root/ros2_ws/src/install/cpp_pubsub/share/cpp_pubsub/package.dsv
-- Up-to-date: /root/ros2_ws/src/install/cpp_pubsub/share/ament_index/resource_index/packages/cpp_pubsub
-- Up-to-date: /root/ros2_ws/src/install/cpp_pubsub/share/cpp_pubsub/cmake/cpp_pubsubConfig.cmake
-- Up-to-date: /root/ros2_ws/src/install/cpp_pubsub/share/cpp_pubsub/cmake/cpp_pubsubConfig-version.cmake
-- Up-to-date: /root/ros2_ws/src/install/cpp_pubsub/share/cpp_pubsub/package.xml
