[0.399s] DEBUG:colcon:Command line arguments: ['/usr/bin/colcon', 'build', '--packages-select', 'cpp_pubsub']
[0.400s] DEBUG:colcon:Parsed command line arguments: Namespace(log_base=None, log_level=None, verb_name='build', build_base='build', install_base='install', merge_install=False, symlink_install=False, test_result_base=None, continue_on_error=False, executor='parallel', parallel_workers=16, event_handlers=None, ignore_user_meta=False, metas=['./colcon.meta'], base_paths=['.'], packages_ignore=None, packages_ignore_regex=None, paths=None, packages_up_to=None, packages_up_to_regex=None, packages_above=None, packages_above_and_dependencies=None, packages_above_depth=None, packages_select_by_dep=None, packages_skip_by_dep=None, packages_skip_up_to=None, packages_select_build_failed=False, packages_skip_build_finished=False, packages_select_test_failures=False, packages_skip_test_passed=False, packages_select=['cpp_pubsub'], packages_skip=None, packages_select_regex=None, packages_skip_regex=None, packages_start=None, packages_end=None, cmake_args=None, cmake_target=None, cmake_target_skip_unavailable=False, cmake_clean_cache=False, cmake_clean_first=False, cmake_force_configure=False, ament_cmake_args=None, catkin_cmake_args=None, catkin_skip_building_tests=False, mixin_files=None, mixin=None, verb_parser=<colcon_mixin.mixin.mixin_argument.MixinArgumentDecorator object at 0x77a566757700>, verb_extension=<colcon_core.verb.build.BuildVerb object at 0x77a566757220>, main=<bound method BuildVerb.main of <colcon_core.verb.build.BuildVerb object at 0x77a566757220>>, mixin_verb=('build',))
[0.735s] Level 1:colcon.colcon_core.package_discovery:discover_packages(colcon_meta) check parameters
[0.736s] INFO:colcon.colcon_metadata.package_discovery.colcon_meta:Using configuration from '/root/.colcon/metadata/default/Gazebo.meta'
[0.737s] INFO:colcon.colcon_metadata.package_discovery.colcon_meta:Using configuration from '/root/.colcon/metadata/default/fastdds.meta'
[0.739s] INFO:colcon.colcon_metadata.package_discovery.colcon_meta:Using configuration from '/root/.colcon/metadata/default/fastrtps.meta'
[0.739s] Level 1:colcon.colcon_core.package_discovery:discover_packages(recursive) check parameters
[0.739s] Level 1:colcon.colcon_core.package_discovery:discover_packages(ignore) check parameters
[0.740s] Level 1:colcon.colcon_core.package_discovery:discover_packages(path) check parameters
[0.740s] Level 1:colcon.colcon_core.package_discovery:discover_packages(colcon_meta) discover
[0.740s] Level 1:colcon.colcon_core.package_discovery:discover_packages(recursive) discover
[0.740s] INFO:colcon.colcon_core.package_discovery:Crawling recursively for packages in '/root/ros2_ws/src'
[0.742s] Level 1:colcon.colcon_core.package_identification:_identify(.) by extensions ['ignore', 'ignore_ament_install']
[0.742s] Level 1:colcon.colcon_core.package_identification:_identify(.) by extension 'ignore'
[0.742s] Level 1:colcon.colcon_core.package_identification:_identify(.) by extension 'ignore_ament_install'
[0.743s] Level 1:colcon.colcon_core.package_identification:_identify(.) by extensions ['colcon_pkg']
[0.743s] Level 1:colcon.colcon_core.package_identification:_identify(.) by extension 'colcon_pkg'
[0.743s] Level 1:colcon.colcon_core.package_identification:_identify(.) by extensions ['colcon_meta']
[0.743s] Level 1:colcon.colcon_core.package_identification:_identify(.) by extension 'colcon_meta'
[0.743s] Level 1:colcon.colcon_core.package_identification:_identify(.) by extensions ['ros']
[0.744s] Level 1:colcon.colcon_core.package_identification:_identify(.) by extension 'ros'
[0.766s] Level 1:colcon.colcon_core.package_identification:_identify(.) by extensions ['cmake', 'python']
[0.766s] Level 1:colcon.colcon_core.package_identification:_identify(.) by extension 'cmake'
[0.767s] Level 1:colcon.colcon_core.package_identification:_identify(.) by extension 'python'
[0.767s] Level 1:colcon.colcon_core.package_identification:_identify(.) by extensions ['python_setup_py']
[0.767s] Level 1:colcon.colcon_core.package_identification:_identify(.) by extension 'python_setup_py'
[0.770s] Level 1:colcon.colcon_core.package_identification:_identify(build) by extensions ['ignore', 'ignore_ament_install']
[0.770s] Level 1:colcon.colcon_core.package_identification:_identify(build) by extension 'ignore'
[0.771s] Level 1:colcon.colcon_core.package_identification:_identify(build) ignored
[0.774s] Level 1:colcon.colcon_core.package_identification:_identify(cpp_pubsub) by extensions ['ignore', 'ignore_ament_install']
[0.774s] Level 1:colcon.colcon_core.package_identification:_identify(cpp_pubsub) by extension 'ignore'
[0.775s] Level 1:colcon.colcon_core.package_identification:_identify(cpp_pubsub) by extension 'ignore_ament_install'
[0.776s] Level 1:colcon.colcon_core.package_identification:_identify(cpp_pubsub) by extensions ['colcon_pkg']
[0.776s] Level 1:colcon.colcon_core.package_identification:_identify(cpp_pubsub) by extension 'colcon_pkg'
[0.777s] Level 1:colcon.colcon_core.package_identification:_identify(cpp_pubsub) by extensions ['colcon_meta']
[0.777s] Level 1:colcon.colcon_core.package_identification:_identify(cpp_pubsub) by extension 'colcon_meta'
[0.778s] Level 1:colcon.colcon_core.package_identification:_identify(cpp_pubsub) by extensions ['ros']
[0.778s] Level 1:colcon.colcon_core.package_identification:_identify(cpp_pubsub) by extension 'ros'
[0.791s] DEBUG:colcon.colcon_core.package_identification:Package 'cpp_pubsub' with type 'ros.ament_cmake' and name 'cpp_pubsub'
[0.794s] Level 1:colcon.colcon_core.package_identification:_identify(install) by extensions ['ignore', 'ignore_ament_install']
[0.795s] Level 1:colcon.colcon_core.package_identification:_identify(install) by extension 'ignore'
[0.796s] Level 1:colcon.colcon_core.package_identification:_identify(install) ignored
[0.799s] Level 1:colcon.colcon_core.package_identification:_identify(log) by extensions ['ignore', 'ignore_ament_install']
[0.800s] Level 1:colcon.colcon_core.package_identification:_identify(log) by extension 'ignore'
[0.801s] Level 1:colcon.colcon_core.package_identification:_identify(log) ignored
[0.801s] Level 1:colcon.colcon_core.package_discovery:discover_packages(recursive) using defaults
[0.801s] Level 1:colcon.colcon_core.package_discovery:discover_packages(ignore) discover
[0.801s] Level 1:colcon.colcon_core.package_discovery:discover_packages(ignore) using defaults
[0.802s] Level 1:colcon.colcon_core.package_discovery:discover_packages(path) discover
[0.802s] Level 1:colcon.colcon_core.package_discovery:discover_packages(path) using defaults
[0.842s] Level 5:colcon.colcon_core.verb:set package 'cpp_pubsub' build argument 'cmake_args' from command line to 'None'
[0.842s] Level 5:colcon.colcon_core.verb:set package 'cpp_pubsub' build argument 'cmake_target' from command line to 'None'
[0.843s] Level 5:colcon.colcon_core.verb:set package 'cpp_pubsub' build argument 'cmake_target_skip_unavailable' from command line to 'False'
[0.843s] Level 5:colcon.colcon_core.verb:set package 'cpp_pubsub' build argument 'cmake_clean_cache' from command line to 'False'
[0.843s] Level 5:colcon.colcon_core.verb:set package 'cpp_pubsub' build argument 'cmake_clean_first' from command line to 'False'
[0.843s] Level 5:colcon.colcon_core.verb:set package 'cpp_pubsub' build argument 'cmake_force_configure' from command line to 'False'
[0.843s] Level 5:colcon.colcon_core.verb:set package 'cpp_pubsub' build argument 'ament_cmake_args' from command line to 'None'
[0.844s] Level 5:colcon.colcon_core.verb:set package 'cpp_pubsub' build argument 'catkin_cmake_args' from command line to 'None'
[0.844s] Level 5:colcon.colcon_core.verb:set package 'cpp_pubsub' build argument 'catkin_skip_building_tests' from command line to 'False'
[0.844s] DEBUG:colcon.colcon_core.verb:Building package 'cpp_pubsub' with the following arguments: {'ament_cmake_args': None, 'build_base': '/root/ros2_ws/src/build/cpp_pubsub', 'catkin_cmake_args': None, 'catkin_skip_building_tests': False, 'cmake_args': None, 'cmake_clean_cache': False, 'cmake_clean_first': False, 'cmake_force_configure': False, 'cmake_target': None, 'cmake_target_skip_unavailable': False, 'install_base': '/root/ros2_ws/src/install/cpp_pubsub', 'merge_install': False, 'path': '/root/ros2_ws/src/cpp_pubsub', 'symlink_install': False, 'test_result_base': None}
[0.844s] INFO:colcon.colcon_core.executor:Executing jobs using 'parallel' executor
[0.846s] DEBUG:colcon.colcon_parallel_executor.executor.parallel:run_until_complete
[0.846s] INFO:colcon.colcon_ros.task.ament_cmake.build:Building ROS package in '/root/ros2_ws/src/cpp_pubsub' with build type 'ament_cmake'
[0.846s] INFO:colcon.colcon_cmake.task.cmake.build:Building CMake package in '/root/ros2_ws/src/cpp_pubsub'
[0.855s] INFO:colcon.colcon_core.plugin_system:Skipping extension 'colcon_core.shell.bat': Not used on non-Windows systems
[0.855s] INFO:colcon.colcon_core.shell:Skip shell extension 'powershell' for command environment: Not usable outside of PowerShell
[0.856s] DEBUG:colcon.colcon_core.shell:Skip shell extension 'dsv' for command environment
[1.083s] DEBUG:colcon.colcon_core.event_handler.log_command:Invoking command in '/root/ros2_ws/src/build/cpp_pubsub': CMAKE_PREFIX_PATH=/opt/ros/humble /usr/bin/cmake /root/ros2_ws/src/cpp_pubsub -DCMAKE_INSTALL_PREFIX=/root/ros2_ws/src/install/cpp_pubsub
[7.622s] DEBUG:colcon.colcon_core.event_handler.log_command:Invoked command in '/root/ros2_ws/src/build/cpp_pubsub' returned '0': CMAKE_PREFIX_PATH=/opt/ros/humble /usr/bin/cmake /root/ros2_ws/src/cpp_pubsub -DCMAKE_INSTALL_PREFIX=/root/ros2_ws/src/install/cpp_pubsub
[7.636s] DEBUG:colcon.colcon_core.event_handler.log_command:Invoking command in '/root/ros2_ws/src/build/cpp_pubsub': CMAKE_PREFIX_PATH=/opt/ros/humble /usr/bin/cmake --build /root/ros2_ws/src/build/cpp_pubsub -- -j16 -l16
[7.791s] DEBUG:colcon.colcon_core.event_handler.log_command:Invoked command in '/root/ros2_ws/src/build/cpp_pubsub' returned '0': CMAKE_PREFIX_PATH=/opt/ros/humble /usr/bin/cmake --build /root/ros2_ws/src/build/cpp_pubsub -- -j16 -l16
[7.833s] DEBUG:colcon.colcon_core.event_handler.log_command:Invoking command in '/root/ros2_ws/src/build/cpp_pubsub': CMAKE_PREFIX_PATH=/opt/ros/humble /usr/bin/cmake --install /root/ros2_ws/src/build/cpp_pubsub
[9.145s] Level 1:colcon.colcon_core.environment:create_environment_scripts_only(cpp_pubsub)
[9.147s] DEBUG:colcon.colcon_core.event_handler.log_command:Invoked command in '/root/ros2_ws/src/build/cpp_pubsub' returned '0': CMAKE_PREFIX_PATH=/opt/ros/humble /usr/bin/cmake --install /root/ros2_ws/src/build/cpp_pubsub
[9.161s] Level 1:colcon.colcon_core.environment:checking '/root/ros2_ws/src/install/cpp_pubsub' for CMake module files
[9.242s] Level 1:colcon.colcon_core.environment:checking '/root/ros2_ws/src/install/cpp_pubsub' for CMake config files
[9.298s] Level 1:colcon.colcon_core.shell:create_environment_hook('cpp_pubsub', 'cmake_prefix_path')
[9.298s] INFO:colcon.colcon_core.shell:Creating environment hook '/root/ros2_ws/src/install/cpp_pubsub/share/cpp_pubsub/hook/cmake_prefix_path.ps1'
[9.313s] INFO:colcon.colcon_core.shell:Creating environment descriptor '/root/ros2_ws/src/install/cpp_pubsub/share/cpp_pubsub/hook/cmake_prefix_path.dsv'
[9.332s] INFO:colcon.colcon_core.shell:Creating environment hook '/root/ros2_ws/src/install/cpp_pubsub/share/cpp_pubsub/hook/cmake_prefix_path.sh'
[9.354s] Level 1:colcon.colcon_core.environment:checking '/root/ros2_ws/src/install/cpp_pubsub/bin'
[9.355s] Level 1:colcon.colcon_core.environment:checking '/root/ros2_ws/src/install/cpp_pubsub/lib/pkgconfig/cpp_pubsub.pc'
[9.359s] Level 1:colcon.colcon_core.environment:checking '/root/ros2_ws/src/install/cpp_pubsub/lib/python3.10/site-packages'
[9.361s] Level 1:colcon.colcon_core.environment:checking '/root/ros2_ws/src/install/cpp_pubsub/bin'
[9.363s] INFO:colcon.colcon_core.shell:Creating package script '/root/ros2_ws/src/install/cpp_pubsub/share/cpp_pubsub/package.ps1'
[9.377s] INFO:colcon.colcon_core.shell:Creating package descriptor '/root/ros2_ws/src/install/cpp_pubsub/share/cpp_pubsub/package.dsv'
[9.392s] INFO:colcon.colcon_core.shell:Creating package script '/root/ros2_ws/src/install/cpp_pubsub/share/cpp_pubsub/package.sh'
[9.407s] INFO:colcon.colcon_core.shell:Creating package script '/root/ros2_ws/src/install/cpp_pubsub/share/cpp_pubsub/package.bash'
[9.423s] INFO:colcon.colcon_core.shell:Creating package script '/root/ros2_ws/src/install/cpp_pubsub/share/cpp_pubsub/package.zsh'
[9.439s] Level 1:colcon.colcon_core.environment:create_file_with_runtime_dependencies(/root/ros2_ws/src/install/cpp_pubsub/share/colcon-core/packages/cpp_pubsub)
[9.484s] Level 1:colcon.colcon_core.environment:create_environment_scripts_only(cpp_pubsub)
[9.485s] Level 1:colcon.colcon_core.environment:checking '/root/ros2_ws/src/install/cpp_pubsub' for CMake module files
[9.582s] Level 1:colcon.colcon_core.environment:checking '/root/ros2_ws/src/install/cpp_pubsub' for CMake config files
[9.652s] Level 1:colcon.colcon_core.shell:create_environment_hook('cpp_pubsub', 'cmake_prefix_path')
[9.652s] INFO:colcon.colcon_core.shell:Creating environment hook '/root/ros2_ws/src/install/cpp_pubsub/share/cpp_pubsub/hook/cmake_prefix_path.ps1'
[9.668s] INFO:colcon.colcon_core.shell:Creating environment descriptor '/root/ros2_ws/src/install/cpp_pubsub/share/cpp_pubsub/hook/cmake_prefix_path.dsv'
[9.687s] INFO:colcon.colcon_core.shell:Creating environment hook '/root/ros2_ws/src/install/cpp_pubsub/share/cpp_pubsub/hook/cmake_prefix_path.sh'
[9.710s] Level 1:colcon.colcon_core.environment:checking '/root/ros2_ws/src/install/cpp_pubsub/bin'
[9.713s] Level 1:colcon.colcon_core.environment:checking '/root/ros2_ws/src/install/cpp_pubsub/lib/pkgconfig/cpp_pubsub.pc'
[9.714s] Level 1:colcon.colcon_core.environment:checking '/root/ros2_ws/src/install/cpp_pubsub/lib/python3.10/site-packages'
[9.716s] Level 1:colcon.colcon_core.environment:checking '/root/ros2_ws/src/install/cpp_pubsub/bin'
[9.718s] INFO:colcon.colcon_core.shell:Creating package script '/root/ros2_ws/src/install/cpp_pubsub/share/cpp_pubsub/package.ps1'
[9.734s] INFO:colcon.colcon_core.shell:Creating package descriptor '/root/ros2_ws/src/install/cpp_pubsub/share/cpp_pubsub/package.dsv'
[9.750s] INFO:colcon.colcon_core.shell:Creating package script '/root/ros2_ws/src/install/cpp_pubsub/share/cpp_pubsub/package.sh'
[9.766s] INFO:colcon.colcon_core.shell:Creating package script '/root/ros2_ws/src/install/cpp_pubsub/share/cpp_pubsub/package.bash'
[9.781s] INFO:colcon.colcon_core.shell:Creating package script '/root/ros2_ws/src/install/cpp_pubsub/share/cpp_pubsub/package.zsh'
[9.796s] Level 1:colcon.colcon_core.environment:create_file_with_runtime_dependencies(/root/ros2_ws/src/install/cpp_pubsub/share/colcon-core/packages/cpp_pubsub)
[9.807s] DEBUG:colcon.colcon_parallel_executor.executor.parallel:closing loop
[9.808s] DEBUG:colcon.colcon_parallel_executor.executor.parallel:loop closed
[9.808s] DEBUG:colcon.colcon_parallel_executor.executor.parallel:run_until_complete finished with '0'
[9.809s] DEBUG:colcon.colcon_core.event_reactor:joining thread
[9.843s] INFO:colcon.colcon_core.plugin_system:Skipping extension 'colcon_notification.desktop_notification.notify_send': Could not find 'notify-send'
[9.844s] INFO:colcon.colcon_core.plugin_system:Skipping extension 'colcon_notification.desktop_notification.terminal_notifier': Not used on non-Darwin systems
[9.845s] INFO:colcon.colcon_core.plugin_system:Skipping extension 'colcon_notification.desktop_notification.win32': Not used on non-Windows systems
[9.845s] INFO:colcon.colcon_notification.desktop_notification:Sending desktop notification using 'notify2'
[9.852s] DEBUG:colcon.colcon_notification.desktop_notification.notify2:Failed to initialize notify2: org.freedesktop.DBus.Error.Spawn.ExecFailed: /usr/bin/dbus-launch terminated abnormally without any error message
[9.853s] DEBUG:colcon.colcon_core.event_reactor:joined thread
[9.854s] INFO:colcon.colcon_core.shell:Creating prefix script '/root/ros2_ws/src/install/local_setup.ps1'
[9.861s] INFO:colcon.colcon_core.shell:Creating prefix util module '/root/ros2_ws/src/install/_local_setup_util_ps1.py'
[9.876s] INFO:colcon.colcon_core.shell:Creating prefix chain script '/root/ros2_ws/src/install/setup.ps1'
[9.883s] INFO:colcon.colcon_core.shell:Creating prefix script '/root/ros2_ws/src/install/local_setup.sh'
[9.891s] INFO:colcon.colcon_core.shell:Creating prefix util module '/root/ros2_ws/src/install/_local_setup_util_sh.py'
[9.898s] INFO:colcon.colcon_core.shell:Creating prefix chain script '/root/ros2_ws/src/install/setup.sh'
[9.907s] INFO:colcon.colcon_core.shell:Creating prefix script '/root/ros2_ws/src/install/local_setup.bash'
[9.916s] INFO:colcon.colcon_core.shell:Creating prefix chain script '/root/ros2_ws/src/install/setup.bash'
[9.923s] INFO:colcon.colcon_core.shell:Creating prefix script '/root/ros2_ws/src/install/local_setup.zsh'
[9.930s] INFO:colcon.colcon_core.shell:Creating prefix chain script '/root/ros2_ws/src/install/setup.zsh'
