[0.234s] Invoking command in '/root/ros2_ws/src/build/cpp_pubsub': CMAKE_PREFIX_PATH=/opt/ros/humble /usr/bin/cmake /root/ros2_ws/src/cpp_pubsub -DCMAKE_INSTALL_PREFIX=/root/ros2_ws/src/install/cpp_pubsub
[0.601s] -- The C compiler identification is GNU 11.4.0
[0.913s] -- The CXX compiler identification is GNU 11.4.0
[0.983s] -- Detecting C compiler ABI info
[1.611s] -- Detecting C compiler ABI info - done
[1.643s] -- Check for working C compiler: /usr/bin/cc - skipped
[1.645s] -- Detecting C compile features
[1.646s] -- Detecting C compile features - done
[1.711s] -- Detecting CXX compiler ABI info
[2.342s] -- Detecting CXX compiler ABI info - done
[2.373s] -- Check for working CXX compiler: /usr/bin/c++ - skipped
[2.374s] -- Detecting CXX compile features
[2.375s] -- Detecting CXX compile features - done
[2.439s] -- Found ament_cmake: 1.3.11 (/opt/ros/humble/share/ament_cmake/cmake)
[2.637s] -- Found Python3: /usr/bin/python3 (found version "3.10.12") found components: Interpreter 
[2.895s] -- Found rclcpp: 16.0.12 (/opt/ros/humble/share/rclcpp/cmake)
[2.993s] -- Found rosidl_generator_c: 3.1.6 (/opt/ros/humble/share/rosidl_generator_c/cmake)
[3.004s] -- Found rosidl_adapter: 3.1.6 (/opt/ros/humble/share/rosidl_adapter/cmake)
[3.025s] -- Found rosidl_generator_cpp: 3.1.6 (/opt/ros/humble/share/rosidl_generator_cpp/cmake)
[3.056s] -- Using all available rosidl_typesupport_c: rosidl_typesupport_fastrtps_c;rosidl_typesupport_introspection_c
[3.093s] -- Using all available rosidl_typesupport_cpp: rosidl_typesupport_fastrtps_cpp;rosidl_typesupport_introspection_cpp
[3.189s] -- Found rmw_implementation_cmake: 6.1.2 (/opt/ros/humble/share/rmw_implementation_cmake/cmake)
[3.197s] -- Found rmw_fastrtps_cpp: 6.2.7 (/opt/ros/humble/share/rmw_fastrtps_cpp/cmake)
[3.408s] -- Found OpenSSL: /usr/lib/x86_64-linux-gnu/libcrypto.so (found version "3.0.2")  
[3.475s] -- Found FastRTPS: /opt/ros/humble/include  
[3.555s] -- Using RMW implementation 'rmw_fastrtps_cpp' as default
[3.618s] -- Looking for pthread.h
[4.257s] -- Looking for pthread.h - found
[4.270s] -- Performing Test CMAKE_HAVE_LIBC_PTHREAD
[4.879s] -- Performing Test CMAKE_HAVE_LIBC_PTHREAD - Success
[4.885s] -- Found Threads: TRUE  
[4.982s] -- Found ament_lint_auto: 0.12.12 (/opt/ros/humble/share/ament_lint_auto/cmake)
[5.660s] -- Added test 'cppcheck' to perform static code analysis on C / C++ code
[5.662s] -- Configured cppcheck include dirs: 
[5.663s] -- Configured cppcheck exclude dirs and/or files: 
[5.762s] -- Added test 'lint_cmake' to check CMake code style
[6.061s] -- Added test 'uncrustify' to check C / C++ code style
[6.062s] -- Configured uncrustify additional arguments: 
[6.100s] -- Added test 'xmllint' to check XML markup files
[6.228s] -- Configuring done
[6.556s] -- Generating done
[6.762s] -- Build files have been written to: /root/ros2_ws/src/build/cpp_pubsub
[6.774s] Invoked command in '/root/ros2_ws/src/build/cpp_pubsub' returned '0': CMAKE_PREFIX_PATH=/opt/ros/humble /usr/bin/cmake /root/ros2_ws/src/cpp_pubsub -DCMAKE_INSTALL_PREFIX=/root/ros2_ws/src/install/cpp_pubsub
[6.787s] Invoking command in '/root/ros2_ws/src/build/cpp_pubsub': CMAKE_PREFIX_PATH=/opt/ros/humble /usr/bin/cmake --build /root/ros2_ws/src/build/cpp_pubsub -- -j16 -l16
[6.943s] Invoked command in '/root/ros2_ws/src/build/cpp_pubsub' returned '0': CMAKE_PREFIX_PATH=/opt/ros/humble /usr/bin/cmake --build /root/ros2_ws/src/build/cpp_pubsub -- -j16 -l16
[6.984s] Invoking command in '/root/ros2_ws/src/build/cpp_pubsub': CMAKE_PREFIX_PATH=/opt/ros/humble /usr/bin/cmake --install /root/ros2_ws/src/build/cpp_pubsub
[6.999s] -- Install configuration: ""
[7.040s] -- Installing: /root/ros2_ws/src/install/cpp_pubsub/share/ament_index/resource_index/package_run_dependencies/cpp_pubsub
[7.170s] -- Installing: /root/ros2_ws/src/install/cpp_pubsub/share/ament_index/resource_index/parent_prefix_path/cpp_pubsub
[7.277s] -- Installing: /root/ros2_ws/src/install/cpp_pubsub/share/cpp_pubsub/environment/ament_prefix_path.sh
[7.350s] -- Installing: /root/ros2_ws/src/install/cpp_pubsub/share/cpp_pubsub/environment/ament_prefix_path.dsv
[7.424s] -- Installing: /root/ros2_ws/src/install/cpp_pubsub/share/cpp_pubsub/environment/path.sh
[7.496s] -- Installing: /root/ros2_ws/src/install/cpp_pubsub/share/cpp_pubsub/environment/path.dsv
[7.579s] -- Installing: /root/ros2_ws/src/install/cpp_pubsub/share/cpp_pubsub/local_setup.bash
[7.652s] -- Installing: /root/ros2_ws/src/install/cpp_pubsub/share/cpp_pubsub/local_setup.sh
[7.724s] -- Installing: /root/ros2_ws/src/install/cpp_pubsub/share/cpp_pubsub/local_setup.zsh
[7.798s] -- Installing: /root/ros2_ws/src/install/cpp_pubsub/share/cpp_pubsub/local_setup.dsv
[7.871s] -- Installing: /root/ros2_ws/src/install/cpp_pubsub/share/cpp_pubsub/package.dsv
[7.967s] -- Installing: /root/ros2_ws/src/install/cpp_pubsub/share/ament_index/resource_index/packages/cpp_pubsub
[8.080s] -- Installing: /root/ros2_ws/src/install/cpp_pubsub/share/cpp_pubsub/cmake/cpp_pubsubConfig.cmake
[8.155s] -- Installing: /root/ros2_ws/src/install/cpp_pubsub/share/cpp_pubsub/cmake/cpp_pubsubConfig-version.cmake
[8.233s] -- Installing: /root/ros2_ws/src/install/cpp_pubsub/share/cpp_pubsub/package.xml
[8.298s] Invoked command in '/root/ros2_ws/src/build/cpp_pubsub' returned '0': CMAKE_PREFIX_PATH=/opt/ros/humble /usr/bin/cmake --install /root/ros2_ws/src/build/cpp_pubsub
