[0.103s] Invoking command in '/root/ros2_ws/src/build/cpp_pubsub': CMAKE_PREFIX_PATH=${CMAKE_PREFIX_PATH}:/opt/ros/humble /usr/bin/cmake --build /root/ros2_ws/src/build/cpp_pubsub -- -j16 -l16
[0.238s] -- Found ament_cmake: 1.3.11 (/opt/ros/humble/share/ament_cmake/cmake)
[0.426s] -- Found rclcpp: 16.0.12 (/opt/ros/humble/share/rclcpp/cmake)
[0.467s] -- Found rosidl_generator_c: 3.1.6 (/opt/ros/humble/share/rosidl_generator_c/cmake)
[0.470s] -- Found rosidl_adapter: 3.1.6 (/opt/ros/humble/share/rosidl_adapter/cmake)
[0.477s] -- Found rosidl_generator_cpp: 3.1.6 (/opt/ros/humble/share/rosidl_generator_cpp/cmake)
[0.493s] -- Using all available rosidl_typesupport_c: rosidl_typesupport_fastrtps_c;rosidl_typesupport_introspection_c
[0.513s] -- Using all available rosidl_typesupport_cpp: rosidl_typesupport_fastrtps_cpp;rosidl_typesupport_introspection_cpp
[0.559s] -- Found rmw_implementation_cmake: 6.1.2 (/opt/ros/humble/share/rmw_implementation_cmake/cmake)
[0.565s] -- Found rmw_fastrtps_cpp: 6.2.7 (/opt/ros/humble/share/rmw_fastrtps_cpp/cmake)
[0.927s] -- Using RMW implementation 'rmw_fastrtps_cpp' as default
[0.981s] -- Found ament_lint_auto: 0.12.12 (/opt/ros/humble/share/ament_lint_auto/cmake)
[1.490s] -- Added test 'cppcheck' to perform static code analysis on C / C++ code
[1.491s] -- Configured cppcheck include dirs: 
[1.492s] -- Configured cppcheck exclude dirs and/or files: 
[1.577s] -- Added test 'lint_cmake' to check CMake code style
[1.839s] -- Added test 'uncrustify' to check C / C++ code style
[1.839s] -- Configured uncrustify additional arguments: 
[1.868s] -- Added test 'xmllint' to check XML markup files
[1.934s] -- Configuring done
[2.038s] [31mCMake Error at CMakeLists.txt:17 (add_executable):
[2.040s]   Cannot find source file:
[2.040s] 
[2.041s]     src/listener.cpp
[2.042s] 
[2.043s]   Tried extensions .c .C .c++ .cc .cpp .cxx .cu .mpp .m .M .mm .ixx .cppm .h
[2.044s]   .hh .h++ .hm .hpp .hxx .in .txx .f .F .for .f77 .f90 .f95 .f03 .hip .ispc
[2.045s] 
[2.046s] [0m
[2.047s] [31mCMake Error at CMakeLists.txt:17 (add_executable):
[2.048s]   No SOURCES given to target: subscriber
[2.049s] 
[2.050s] [0m
[2.050s] [0mCMake Generate step failed.  Build files cannot be regenerated correctly.[0m
[2.052s] gmake: *** [Makefile:226: cmake_check_build_system] Error 1
[2.053s] Invoked command in '/root/ros2_ws/src/build/cpp_pubsub' returned '2': CMAKE_PREFIX_PATH=${CMAKE_PREFIX_PATH}:/opt/ros/humble /usr/bin/cmake --build /root/ros2_ws/src/build/cpp_pubsub -- -j16 -l16
